_____
[Thu Mar 02 2017 16:28:09 GMT+0800 (中国标准时间)] /compen/litigation/getAmount
TypeError: Converting circular structure to JSON
    at Object.stringify (native)
    at F:\compen\src\litigation\litigation.js:12:19
    at Layer.handle [as handle_request] (F:\compen\node_modules\express\lib\router\layer.js:95:5)
    at next (F:\compen\node_modules\express\lib\router\route.js:137:13)
    at Route.dispatch (F:\compen\node_modules\express\lib\router\route.js:112:3)
    at Layer.handle [as handle_request] (F:\compen\node_modules\express\lib\router\layer.js:95:5)
    at F:\compen\node_modules\express\lib\router\index.js:281:22
    at Function.process_params (F:\compen\node_modules\express\lib\router\index.js:335:12)
    at next (F:\compen\node_modules\express\lib\router\index.js:275:10)
    at Function.handle (F:\compen\node_modules\express\lib\router\index.js:174:3)
___________
[Thu Mar 02 2017 16:28:21 GMT+0800 (中国标准时间)] /compen/litigation/getAmount
TypeError: Converting circular structure to JSON
    at Object.stringify (native)
    at F:\compen\src\litigation\litigation.js:12:19
    at Layer.handle [as handle_request] (F:\compen\node_modules\express\lib\router\layer.js:95:5)
    at next (F:\compen\node_modules\express\lib\router\route.js:137:13)
    at Route.dispatch (F:\compen\node_modules\express\lib\router\route.js:112:3)
    at Layer.handle [as handle_request] (F:\compen\node_modules\express\lib\router\layer.js:95:5)
    at F:\compen\node_modules\express\lib\router\index.js:281:22
    at Function.process_params (F:\compen\node_modules\express\lib\router\index.js:335:12)
    at next (F:\compen\node_modules\express\lib\router\index.js:275:10)
    at Function.handle (F:\compen\node_modules\express\lib\router\index.js:174:3)
___________
[Thu Mar 02 2017 16:34:57 GMT+0800 (中国标准时间)] /compen/litigation/getAmount
TypeError: Converting circular structure to JSON
    at Object.stringify (native)
    at F:\compen\src\litigation\litigation.js:12:19
    at Layer.handle [as handle_request] (F:\compen\node_modules\express\lib\router\layer.js:95:5)
    at next (F:\compen\node_modules\express\lib\router\route.js:137:13)
    at Route.dispatch (F:\compen\node_modules\express\lib\router\route.js:112:3)
    at Layer.handle [as handle_request] (F:\compen\node_modules\express\lib\router\layer.js:95:5)
    at F:\compen\node_modules\express\lib\router\index.js:281:22
    at Function.process_params (F:\compen\node_modules\express\lib\router\index.js:335:12)
    at next (F:\compen\node_modules\express\lib\router\index.js:275:10)
    at Function.handle (F:\compen\node_modules\express\lib\router\index.js:174:3)
___________
[Thu Mar 02 2017 16:34:59 GMT+0800 (中国标准时间)] /compen/litigation/getAmount
TypeError: Converting circular structure to JSON
    at Object.stringify (native)
    at F:\compen\src\litigation\litigation.js:12:19
    at Layer.handle [as handle_request] (F:\compen\node_modules\express\lib\router\layer.js:95:5)
    at next (F:\compen\node_modules\express\lib\router\route.js:137:13)
    at Route.dispatch (F:\compen\node_modules\express\lib\router\route.js:112:3)
    at Layer.handle [as handle_request] (F:\compen\node_modules\express\lib\router\layer.js:95:5)
    at F:\compen\node_modules\express\lib\router\index.js:281:22
    at Function.process_params (F:\compen\node_modules\express\lib\router\index.js:335:12)
    at next (F:\compen\node_modules\express\lib\router\index.js:275:10)
    at Function.handle (F:\compen\node_modules\express\lib\router\index.js:174:3)
___________
[Thu Mar 02 2017 16:35:01 GMT+0800 (中国标准时间)] /compen/litigation/getAmount
TypeError: Converting circular structure to JSON
    at Object.stringify (native)
    at F:\compen\src\litigation\litigation.js:12:19
    at Layer.handle [as handle_request] (F:\compen\node_modules\express\lib\router\layer.js:95:5)
    at next (F:\compen\node_modules\express\lib\router\route.js:137:13)
    at Route.dispatch (F:\compen\node_modules\express\lib\router\route.js:112:3)
    at Layer.handle [as handle_request] (F:\compen\node_modules\express\lib\router\layer.js:95:5)
    at F:\compen\node_modules\express\lib\router\index.js:281:22
    at Function.process_params (F:\compen\node_modules\express\lib\router\index.js:335:12)
    at next (F:\compen\node_modules\express\lib\router\index.js:275:10)
    at Function.handle (F:\compen\node_modules\express\lib\router\index.js:174:3)
___________
[Thu Mar 02 2017 16:39:17 GMT+0800 (中国标准时间)] /compen/litigation/getAmount
TypeError: Converting circular structure to JSON
    at Object.stringify (native)
    at F:\compen\src\litigation\litigation.js:12:19
    at Layer.handle [as handle_request] (F:\compen\node_modules\express\lib\router\layer.js:95:5)
    at next (F:\compen\node_modules\express\lib\router\route.js:137:13)
    at Route.dispatch (F:\compen\node_modules\express\lib\router\route.js:112:3)
    at Layer.handle [as handle_request] (F:\compen\node_modules\express\lib\router\layer.js:95:5)
    at F:\compen\node_modules\express\lib\router\index.js:281:22
    at Function.process_params (F:\compen\node_modules\express\lib\router\index.js:335:12)
    at next (F:\compen\node_modules\express\lib\router\index.js:275:10)
    at Function.handle (F:\compen\node_modules\express\lib\router\index.js:174:3)
___________
[Thu Mar 02 2017 16:39:18 GMT+0800 (中国标准时间)] /compen/litigation/getAmount
TypeError: Converting circular structure to JSON
    at Object.stringify (native)
    at F:\compen\src\litigation\litigation.js:12:19
    at Layer.handle [as handle_request] (F:\compen\node_modules\express\lib\router\layer.js:95:5)
    at next (F:\compen\node_modules\express\lib\router\route.js:137:13)
    at Route.dispatch (F:\compen\node_modules\express\lib\router\route.js:112:3)
    at Layer.handle [as handle_request] (F:\compen\node_modules\express\lib\router\layer.js:95:5)
    at F:\compen\node_modules\express\lib\router\index.js:281:22
    at Function.process_params (F:\compen\node_modules\express\lib\router\index.js:335:12)
    at next (F:\compen\node_modules\express\lib\router\index.js:275:10)
    at Function.handle (F:\compen\node_modules\express\lib\router\index.js:174:3)
___________
[Thu Mar 02 2017 16:39:19 GMT+0800 (中国标准时间)] /compen/litigation/getAmount
TypeError: Converting circular structure to JSON
    at Object.stringify (native)
    at F:\compen\src\litigation\litigation.js:12:19
    at Layer.handle [as handle_request] (F:\compen\node_modules\express\lib\router\layer.js:95:5)
    at next (F:\compen\node_modules\express\lib\router\route.js:137:13)
    at Route.dispatch (F:\compen\node_modules\express\lib\router\route.js:112:3)
    at Layer.handle [as handle_request] (F:\compen\node_modules\express\lib\router\layer.js:95:5)
    at F:\compen\node_modules\express\lib\router\index.js:281:22
    at Function.process_params (F:\compen\node_modules\express\lib\router\index.js:335:12)
    at next (F:\compen\node_modules\express\lib\router\index.js:275:10)
    at Function.handle (F:\compen\node_modules\express\lib\router\index.js:174:3)
___________
[Thu Mar 02 2017 16:39:20 GMT+0800 (中国标准时间)] /compen/litigation/getAmount
TypeError: Converting circular structure to JSON
    at Object.stringify (native)
    at F:\compen\src\litigation\litigation.js:12:19
    at Layer.handle [as handle_request] (F:\compen\node_modules\express\lib\router\layer.js:95:5)
    at next (F:\compen\node_modules\express\lib\router\route.js:137:13)
    at Route.dispatch (F:\compen\node_modules\express\lib\router\route.js:112:3)
    at Layer.handle [as handle_request] (F:\compen\node_modules\express\lib\router\layer.js:95:5)
    at F:\compen\node_modules\express\lib\router\index.js:281:22
    at Function.process_params (F:\compen\node_modules\express\lib\router\index.js:335:12)
    at next (F:\compen\node_modules\express\lib\router\index.js:275:10)
    at Function.handle (F:\compen\node_modules\express\lib\router\index.js:174:3)
___________
[Thu Mar 02 2017 16:39:33 GMT+0800 (中国标准时间)] /compen/litigation/getAmount
TypeError: Converting circular structure to JSON
    at Object.stringify (native)
    at F:\compen\src\litigation\litigation.js:12:19
    at Layer.handle [as handle_request] (F:\compen\node_modules\express\lib\router\layer.js:95:5)
    at next (F:\compen\node_modules\express\lib\router\route.js:137:13)
    at Route.dispatch (F:\compen\node_modules\express\lib\router\route.js:112:3)
    at Layer.handle [as handle_request] (F:\compen\node_modules\express\lib\router\layer.js:95:5)
    at F:\compen\node_modules\express\lib\router\index.js:281:22
    at Function.process_params (F:\compen\node_modules\express\lib\router\index.js:335:12)
    at next (F:\compen\node_modules\express\lib\router\index.js:275:10)
    at Function.handle (F:\compen\node_modules\express\lib\router\index.js:174:3)
___________
[Thu Mar 02 2017 16:39:34 GMT+0800 (中国标准时间)] /compen/litigation/getAmount
TypeError: Converting circular structure to JSON
    at Object.stringify (native)
    at F:\compen\src\litigation\litigation.js:12:19
    at Layer.handle [as handle_request] (F:\compen\node_modules\express\lib\router\layer.js:95:5)
    at next (F:\compen\node_modules\express\lib\router\route.js:137:13)
    at Route.dispatch (F:\compen\node_modules\express\lib\router\route.js:112:3)
    at Layer.handle [as handle_request] (F:\compen\node_modules\express\lib\router\layer.js:95:5)
    at F:\compen\node_modules\express\lib\router\index.js:281:22
    at Function.process_params (F:\compen\node_modules\express\lib\router\index.js:335:12)
    at next (F:\compen\node_modules\express\lib\router\index.js:275:10)
    at Function.handle (F:\compen\node_modules\express\lib\router\index.js:174:3)
___________
[Thu Mar 02 2017 16:39:35 GMT+0800 (中国标准时间)] /compen/litigation/getAmount
TypeError: Converting circular structure to JSON
    at Object.stringify (native)
    at F:\compen\src\litigation\litigation.js:12:19
    at Layer.handle [as handle_request] (F:\compen\node_modules\express\lib\router\layer.js:95:5)
    at next (F:\compen\node_modules\express\lib\router\route.js:137:13)
    at Route.dispatch (F:\compen\node_modules\express\lib\router\route.js:112:3)
    at Layer.handle [as handle_request] (F:\compen\node_modules\express\lib\router\layer.js:95:5)
    at F:\compen\node_modules\express\lib\router\index.js:281:22
    at Function.process_params (F:\compen\node_modules\express\lib\router\index.js:335:12)
    at next (F:\compen\node_modules\express\lib\router\index.js:275:10)
    at Function.handle (F:\compen\node_modules\express\lib\router\index.js:174:3)
___________
[Thu Mar 02 2017 16:39:36 GMT+0800 (中国标准时间)] /compen/litigation/getAmount
TypeError: Converting circular structure to JSON
    at Object.stringify (native)
    at F:\compen\src\litigation\litigation.js:12:19
    at Layer.handle [as handle_request] (F:\compen\node_modules\express\lib\router\layer.js:95:5)
    at next (F:\compen\node_modules\express\lib\router\route.js:137:13)
    at Route.dispatch (F:\compen\node_modules\express\lib\router\route.js:112:3)
    at Layer.handle [as handle_request] (F:\compen\node_modules\express\lib\router\layer.js:95:5)
    at F:\compen\node_modules\express\lib\router\index.js:281:22
    at Function.process_params (F:\compen\node_modules\express\lib\router\index.js:335:12)
    at next (F:\compen\node_modules\express\lib\router\index.js:275:10)
    at Function.handle (F:\compen\node_modules\express\lib\router\index.js:174:3)
___________
[Thu Mar 02 2017 16:39:38 GMT+0800 (中国标准时间)] /compen/litigation/getAmount
TypeError: Converting circular structure to JSON
    at Object.stringify (native)
    at F:\compen\src\litigation\litigation.js:12:19
    at Layer.handle [as handle_request] (F:\compen\node_modules\express\lib\router\layer.js:95:5)
    at next (F:\compen\node_modules\express\lib\router\route.js:137:13)
    at Route.dispatch (F:\compen\node_modules\express\lib\router\route.js:112:3)
    at Layer.handle [as handle_request] (F:\compen\node_modules\express\lib\router\layer.js:95:5)
    at F:\compen\node_modules\express\lib\router\index.js:281:22
    at Function.process_params (F:\compen\node_modules\express\lib\router\index.js:335:12)
    at next (F:\compen\node_modules\express\lib\router\index.js:275:10)
    at Function.handle (F:\compen\node_modules\express\lib\router\index.js:174:3)
___________
[Thu Mar 02 2017 16:41:42 GMT+0800 (中国标准时间)] /compen/litigation/getAmount
TypeError: Converting circular structure to JSON
    at Object.stringify (native)
    at F:\compen\src\litigation\litigation.js:12:19
    at Layer.handle [as handle_request] (F:\compen\node_modules\express\lib\router\layer.js:95:5)
    at next (F:\compen\node_modules\express\lib\router\route.js:137:13)
    at Route.dispatch (F:\compen\node_modules\express\lib\router\route.js:112:3)
    at Layer.handle [as handle_request] (F:\compen\node_modules\express\lib\router\layer.js:95:5)
    at F:\compen\node_modules\express\lib\router\index.js:281:22
    at Function.process_params (F:\compen\node_modules\express\lib\router\index.js:335:12)
    at next (F:\compen\node_modules\express\lib\router\index.js:275:10)
    at Function.handle (F:\compen\node_modules\express\lib\router\index.js:174:3)
___________
[Thu Mar 02 2017 16:41:44 GMT+0800 (中国标准时间)] /compen/litigation/getAmount
TypeError: Converting circular structure to JSON
    at Object.stringify (native)
    at F:\compen\src\litigation\litigation.js:12:19
    at Layer.handle [as handle_request] (F:\compen\node_modules\express\lib\router\layer.js:95:5)
    at next (F:\compen\node_modules\express\lib\router\route.js:137:13)
    at Route.dispatch (F:\compen\node_modules\express\lib\router\route.js:112:3)
    at Layer.handle [as handle_request] (F:\compen\node_modules\express\lib\router\layer.js:95:5)
    at F:\compen\node_modules\express\lib\router\index.js:281:22
    at Function.process_params (F:\compen\node_modules\express\lib\router\index.js:335:12)
    at next (F:\compen\node_modules\express\lib\router\index.js:275:10)
    at Function.handle (F:\compen\node_modules\express\lib\router\index.js:174:3)
___________
[Thu Mar 02 2017 16:41:45 GMT+0800 (中国标准时间)] /compen/litigation/getAmount
TypeError: Converting circular structure to JSON
    at Object.stringify (native)
    at F:\compen\src\litigation\litigation.js:12:19
    at Layer.handle [as handle_request] (F:\compen\node_modules\express\lib\router\layer.js:95:5)
    at next (F:\compen\node_modules\express\lib\router\route.js:137:13)
    at Route.dispatch (F:\compen\node_modules\express\lib\router\route.js:112:3)
    at Layer.handle [as handle_request] (F:\compen\node_modules\express\lib\router\layer.js:95:5)
    at F:\compen\node_modules\express\lib\router\index.js:281:22
    at Function.process_params (F:\compen\node_modules\express\lib\router\index.js:335:12)
    at next (F:\compen\node_modules\express\lib\router\index.js:275:10)
    at Function.handle (F:\compen\node_modules\express\lib\router\index.js:174:3)
___________
[Thu Mar 02 2017 16:41:46 GMT+0800 (中国标准时间)] /compen/litigation/getAmount
TypeError: Converting circular structure to JSON
    at Object.stringify (native)
    at F:\compen\src\litigation\litigation.js:12:19
    at Layer.handle [as handle_request] (F:\compen\node_modules\express\lib\router\layer.js:95:5)
    at next (F:\compen\node_modules\express\lib\router\route.js:137:13)
    at Route.dispatch (F:\compen\node_modules\express\lib\router\route.js:112:3)
    at Layer.handle [as handle_request] (F:\compen\node_modules\express\lib\router\layer.js:95:5)
    at F:\compen\node_modules\express\lib\router\index.js:281:22
    at Function.process_params (F:\compen\node_modules\express\lib\router\index.js:335:12)
    at next (F:\compen\node_modules\express\lib\router\index.js:275:10)
    at Function.handle (F:\compen\node_modules\express\lib\router\index.js:174:3)
___________
[Thu Mar 02 2017 16:41:47 GMT+0800 (中国标准时间)] /compen/litigation/getAmount
TypeError: Converting circular structure to JSON
    at Object.stringify (native)
    at F:\compen\src\litigation\litigation.js:12:19
    at Layer.handle [as handle_request] (F:\compen\node_modules\express\lib\router\layer.js:95:5)
    at next (F:\compen\node_modules\express\lib\router\route.js:137:13)
    at Route.dispatch (F:\compen\node_modules\express\lib\router\route.js:112:3)
    at Layer.handle [as handle_request] (F:\compen\node_modules\express\lib\router\layer.js:95:5)
    at F:\compen\node_modules\express\lib\router\index.js:281:22
    at Function.process_params (F:\compen\node_modules\express\lib\router\index.js:335:12)
    at next (F:\compen\node_modules\express\lib\router\index.js:275:10)
    at Function.handle (F:\compen\node_modules\express\lib\router\index.js:174:3)
___________
[Thu Mar 02 2017 16:41:48 GMT+0800 (中国标准时间)] /compen/litigation/getAmount
TypeError: Converting circular structure to JSON
    at Object.stringify (native)
    at F:\compen\src\litigation\litigation.js:12:19
    at Layer.handle [as handle_request] (F:\compen\node_modules\express\lib\router\layer.js:95:5)
    at next (F:\compen\node_modules\express\lib\router\route.js:137:13)
    at Route.dispatch (F:\compen\node_modules\express\lib\router\route.js:112:3)
    at Layer.handle [as handle_request] (F:\compen\node_modules\express\lib\router\layer.js:95:5)
    at F:\compen\node_modules\express\lib\router\index.js:281:22
    at Function.process_params (F:\compen\node_modules\express\lib\router\index.js:335:12)
    at next (F:\compen\node_modules\express\lib\router\index.js:275:10)
    at Function.handle (F:\compen\node_modules\express\lib\router\index.js:174:3)
___________
[Thu Mar 02 2017 16:41:50 GMT+0800 (中国标准时间)] /compen/litigation/getAmount
TypeError: Converting circular structure to JSON
    at Object.stringify (native)
    at F:\compen\src\litigation\litigation.js:12:19
    at Layer.handle [as handle_request] (F:\compen\node_modules\express\lib\router\layer.js:95:5)
    at next (F:\compen\node_modules\express\lib\router\route.js:137:13)
    at Route.dispatch (F:\compen\node_modules\express\lib\router\route.js:112:3)
    at Layer.handle [as handle_request] (F:\compen\node_modules\express\lib\router\layer.js:95:5)
    at F:\compen\node_modules\express\lib\router\index.js:281:22
    at Function.process_params (F:\compen\node_modules\express\lib\router\index.js:335:12)
    at next (F:\compen\node_modules\express\lib\router\index.js:275:10)
    at Function.handle (F:\compen\node_modules\express\lib\router\index.js:174:3)
___________
[Fri Mar 03 2017 08:44:46 GMT+0800 (中国标准时间)] /compen/litigation/getAmount
TypeError: Converting circular structure to JSON
    at Object.stringify (native)
    at F:\compen\src\litigation\litigation.js:14:19
    at Layer.handle [as handle_request] (F:\compen\node_modules\express\lib\router\layer.js:95:5)
    at next (F:\compen\node_modules\express\lib\router\route.js:137:13)
    at Route.dispatch (F:\compen\node_modules\express\lib\router\route.js:112:3)
    at Layer.handle [as handle_request] (F:\compen\node_modules\express\lib\router\layer.js:95:5)
    at F:\compen\node_modules\express\lib\router\index.js:281:22
    at Function.process_params (F:\compen\node_modules\express\lib\router\index.js:335:12)
    at next (F:\compen\node_modules\express\lib\router\index.js:275:10)
    at Function.handle (F:\compen\node_modules\express\lib\router\index.js:174:3)
___________
[Fri Mar 03 2017 08:44:51 GMT+0800 (中国标准时间)] /compen/litigation/getAmount
TypeError: Converting circular structure to JSON
    at Object.stringify (native)
    at F:\compen\src\litigation\litigation.js:14:19
    at Layer.handle [as handle_request] (F:\compen\node_modules\express\lib\router\layer.js:95:5)
    at next (F:\compen\node_modules\express\lib\router\route.js:137:13)
    at Route.dispatch (F:\compen\node_modules\express\lib\router\route.js:112:3)
    at Layer.handle [as handle_request] (F:\compen\node_modules\express\lib\router\layer.js:95:5)
    at F:\compen\node_modules\express\lib\router\index.js:281:22
    at Function.process_params (F:\compen\node_modules\express\lib\router\index.js:335:12)
    at next (F:\compen\node_modules\express\lib\router\index.js:275:10)
    at Function.handle (F:\compen\node_modules\express\lib\router\index.js:174:3)
___________
[Fri Mar 03 2017 08:45:04 GMT+0800 (中国标准时间)] /compen/litigation/getAmount
TypeError: Converting circular structure to JSON
    at Object.stringify (native)
    at F:\compen\src\litigation\litigation.js:14:19
    at Layer.handle [as handle_request] (F:\compen\node_modules\express\lib\router\layer.js:95:5)
    at next (F:\compen\node_modules\express\lib\router\route.js:137:13)
    at Route.dispatch (F:\compen\node_modules\express\lib\router\route.js:112:3)
    at Layer.handle [as handle_request] (F:\compen\node_modules\express\lib\router\layer.js:95:5)
    at F:\compen\node_modules\express\lib\router\index.js:281:22
    at Function.process_params (F:\compen\node_modules\express\lib\router\index.js:335:12)
    at next (F:\compen\node_modules\express\lib\router\index.js:275:10)
    at Function.handle (F:\compen\node_modules\express\lib\router\index.js:174:3)
___________
[Fri Mar 03 2017 08:45:10 GMT+0800 (中国标准时间)] /compen/litigation/getAmount
TypeError: Converting circular structure to JSON
    at Object.stringify (native)
    at F:\compen\src\litigation\litigation.js:14:19
    at Layer.handle [as handle_request] (F:\compen\node_modules\express\lib\router\layer.js:95:5)
    at next (F:\compen\node_modules\express\lib\router\route.js:137:13)
    at Route.dispatch (F:\compen\node_modules\express\lib\router\route.js:112:3)
    at Layer.handle [as handle_request] (F:\compen\node_modules\express\lib\router\layer.js:95:5)
    at F:\compen\node_modules\express\lib\router\index.js:281:22
    at Function.process_params (F:\compen\node_modules\express\lib\router\index.js:335:12)
    at next (F:\compen\node_modules\express\lib\router\index.js:275:10)
    at Function.handle (F:\compen\node_modules\express\lib\router\index.js:174:3)
___________
[Fri Mar 03 2017 08:48:35 GMT+0800 (中国标准时间)] /compen/litigation/getAmount
TypeError: Converting circular structure to JSON
    at Object.stringify (native)
    at F:\compen\src\litigation\litigation.js:15:19
    at Layer.handle [as handle_request] (F:\compen\node_modules\express\lib\router\layer.js:95:5)
    at next (F:\compen\node_modules\express\lib\router\route.js:137:13)
    at Route.dispatch (F:\compen\node_modules\express\lib\router\route.js:112:3)
    at Layer.handle [as handle_request] (F:\compen\node_modules\express\lib\router\layer.js:95:5)
    at F:\compen\node_modules\express\lib\router\index.js:281:22
    at Function.process_params (F:\compen\node_modules\express\lib\router\index.js:335:12)
    at next (F:\compen\node_modules\express\lib\router\index.js:275:10)
    at Function.handle (F:\compen\node_modules\express\lib\router\index.js:174:3)
___________
[Fri Mar 03 2017 08:51:19 GMT+0800 (中国标准时间)] /compen/litigation/getAmount
TypeError: Converting circular structure to JSON
    at Object.stringify (native)
    at F:\compen\src\litigation\litigation.js:15:19
    at Layer.handle [as handle_request] (F:\compen\node_modules\express\lib\router\layer.js:95:5)
    at next (F:\compen\node_modules\express\lib\router\route.js:137:13)
    at Route.dispatch (F:\compen\node_modules\express\lib\router\route.js:112:3)
    at Layer.handle [as handle_request] (F:\compen\node_modules\express\lib\router\layer.js:95:5)
    at F:\compen\node_modules\express\lib\router\index.js:281:22
    at Function.process_params (F:\compen\node_modules\express\lib\router\index.js:335:12)
    at next (F:\compen\node_modules\express\lib\router\index.js:275:10)
    at Function.handle (F:\compen\node_modules\express\lib\router\index.js:174:3)
___________
[Fri Mar 03 2017 08:57:48 GMT+0800 (中国标准时间)] /compen/litigation/getAmount
TypeError: Converting circular structure to JSON
    at Object.stringify (native)
    at F:\compen\src\litigation\litigation.js:15:19
    at Layer.handle [as handle_request] (F:\compen\node_modules\express\lib\router\layer.js:95:5)
    at next (F:\compen\node_modules\express\lib\router\route.js:137:13)
    at Route.dispatch (F:\compen\node_modules\express\lib\router\route.js:112:3)
    at Layer.handle [as handle_request] (F:\compen\node_modules\express\lib\router\layer.js:95:5)
    at F:\compen\node_modules\express\lib\router\index.js:281:22
    at Function.process_params (F:\compen\node_modules\express\lib\router\index.js:335:12)
    at next (F:\compen\node_modules\express\lib\router\index.js:275:10)
    at Function.handle (F:\compen\node_modules\express\lib\router\index.js:174:3)
___________
[Fri Mar 03 2017 08:57:50 GMT+0800 (中国标准时间)] /compen/litigation/getAmount
TypeError: Converting circular structure to JSON
    at Object.stringify (native)
    at F:\compen\src\litigation\litigation.js:15:19
    at Layer.handle [as handle_request] (F:\compen\node_modules\express\lib\router\layer.js:95:5)
    at next (F:\compen\node_modules\express\lib\router\route.js:137:13)
    at Route.dispatch (F:\compen\node_modules\express\lib\router\route.js:112:3)
    at Layer.handle [as handle_request] (F:\compen\node_modules\express\lib\router\layer.js:95:5)
    at F:\compen\node_modules\express\lib\router\index.js:281:22
    at Function.process_params (F:\compen\node_modules\express\lib\router\index.js:335:12)
    at next (F:\compen\node_modules\express\lib\router\index.js:275:10)
    at Function.handle (F:\compen\node_modules\express\lib\router\index.js:174:3)
___________
[Fri Mar 03 2017 09:02:36 GMT+0800 (中国标准时间)] /compen/litigation/getAmount
TypeError: Converting circular structure to JSON
    at Object.stringify (native)
    at F:\compen\src\litigation\litigation.js:15:19
    at Layer.handle [as handle_request] (F:\compen\node_modules\express\lib\router\layer.js:95:5)
    at next (F:\compen\node_modules\express\lib\router\route.js:137:13)
    at Route.dispatch (F:\compen\node_modules\express\lib\router\route.js:112:3)
    at Layer.handle [as handle_request] (F:\compen\node_modules\express\lib\router\layer.js:95:5)
    at F:\compen\node_modules\express\lib\router\index.js:281:22
    at Function.process_params (F:\compen\node_modules\express\lib\router\index.js:335:12)
    at next (F:\compen\node_modules\express\lib\router\index.js:275:10)
    at Function.handle (F:\compen\node_modules\express\lib\router\index.js:174:3)
___________
[Fri Mar 03 2017 09:03:44 GMT+0800 (中国标准时间)] /compen/litigation/getAmount
TypeError: Converting circular structure to JSON
    at Object.stringify (native)
    at F:\compen\src\litigation\litigation.js:15:19
    at Layer.handle [as handle_request] (F:\compen\node_modules\express\lib\router\layer.js:95:5)
    at next (F:\compen\node_modules\express\lib\router\route.js:137:13)
    at Route.dispatch (F:\compen\node_modules\express\lib\router\route.js:112:3)
    at Layer.handle [as handle_request] (F:\compen\node_modules\express\lib\router\layer.js:95:5)
    at F:\compen\node_modules\express\lib\router\index.js:281:22
    at Function.process_params (F:\compen\node_modules\express\lib\router\index.js:335:12)
    at next (F:\compen\node_modules\express\lib\router\index.js:275:10)
    at Function.handle (F:\compen\node_modules\express\lib\router\index.js:174:3)
___________
[Fri Mar 03 2017 09:03:46 GMT+0800 (中国标准时间)] /compen/litigation/getAmount
TypeError: Converting circular structure to JSON
    at Object.stringify (native)
    at F:\compen\src\litigation\litigation.js:15:19
    at Layer.handle [as handle_request] (F:\compen\node_modules\express\lib\router\layer.js:95:5)
    at next (F:\compen\node_modules\express\lib\router\route.js:137:13)
    at Route.dispatch (F:\compen\node_modules\express\lib\router\route.js:112:3)
    at Layer.handle [as handle_request] (F:\compen\node_modules\express\lib\router\layer.js:95:5)
    at F:\compen\node_modules\express\lib\router\index.js:281:22
    at Function.process_params (F:\compen\node_modules\express\lib\router\index.js:335:12)
    at next (F:\compen\node_modules\express\lib\router\index.js:275:10)
    at Function.handle (F:\compen\node_modules\express\lib\router\index.js:174:3)
___________
[Fri Mar 03 2017 09:03:56 GMT+0800 (中国标准时间)] /compen/litigation/getAmount
TypeError: Converting circular structure to JSON
    at Object.stringify (native)
    at F:\compen\src\litigation\litigation.js:15:19
    at Layer.handle [as handle_request] (F:\compen\node_modules\express\lib\router\layer.js:95:5)
    at next (F:\compen\node_modules\express\lib\router\route.js:137:13)
    at Route.dispatch (F:\compen\node_modules\express\lib\router\route.js:112:3)
    at Layer.handle [as handle_request] (F:\compen\node_modules\express\lib\router\layer.js:95:5)
    at F:\compen\node_modules\express\lib\router\index.js:281:22
    at Function.process_params (F:\compen\node_modules\express\lib\router\index.js:335:12)
    at next (F:\compen\node_modules\express\lib\router\index.js:275:10)
    at Function.handle (F:\compen\node_modules\express\lib\router\index.js:174:3)
___________
[Fri Mar 03 2017 09:04:37 GMT+0800 (中国标准时间)] /compen/litigation/getAmount
TypeError: Converting circular structure to JSON
    at Object.stringify (native)
    at F:\compen\src\litigation\litigation.js:14:19
    at Layer.handle [as handle_request] (F:\compen\node_modules\express\lib\router\layer.js:95:5)
    at next (F:\compen\node_modules\express\lib\router\route.js:137:13)
    at Route.dispatch (F:\compen\node_modules\express\lib\router\route.js:112:3)
    at Layer.handle [as handle_request] (F:\compen\node_modules\express\lib\router\layer.js:95:5)
    at F:\compen\node_modules\express\lib\router\index.js:281:22
    at Function.process_params (F:\compen\node_modules\express\lib\router\index.js:335:12)
    at next (F:\compen\node_modules\express\lib\router\index.js:275:10)
    at Function.handle (F:\compen\node_modules\express\lib\router\index.js:174:3)
___________
[Fri Mar 03 2017 09:11:44 GMT+0800 (中国标准时间)] /compen/litigation/getAmount
TypeError: Converting circular structure to JSON
    at Object.stringify (native)
    at F:\compen\src\litigation\litigation.js:12:19
    at Layer.handle [as handle_request] (F:\compen\node_modules\express\lib\router\layer.js:95:5)
    at next (F:\compen\node_modules\express\lib\router\route.js:137:13)
    at Route.dispatch (F:\compen\node_modules\express\lib\router\route.js:112:3)
    at Layer.handle [as handle_request] (F:\compen\node_modules\express\lib\router\layer.js:95:5)
    at F:\compen\node_modules\express\lib\router\index.js:281:22
    at Function.process_params (F:\compen\node_modules\express\lib\router\index.js:335:12)
    at next (F:\compen\node_modules\express\lib\router\index.js:275:10)
    at Function.handle (F:\compen\node_modules\express\lib\router\index.js:174:3)
___________
[Fri Mar 03 2017 09:20:13 GMT+0800 (中国标准时间)] /compen/litigation/getAmount
ReferenceError: vmysql is not defined
    at F:\compen\src\litigation\litigation.js:11:5
    at Layer.handle [as handle_request] (F:\compen\node_modules\express\lib\router\layer.js:95:5)
    at next (F:\compen\node_modules\express\lib\router\route.js:137:13)
    at Route.dispatch (F:\compen\node_modules\express\lib\router\route.js:112:3)
    at Layer.handle [as handle_request] (F:\compen\node_modules\express\lib\router\layer.js:95:5)
    at F:\compen\node_modules\express\lib\router\index.js:281:22
    at Function.process_params (F:\compen\node_modules\express\lib\router\index.js:335:12)
    at next (F:\compen\node_modules\express\lib\router\index.js:275:10)
    at Function.handle (F:\compen\node_modules\express\lib\router\index.js:174:3)
    at router (F:\compen\node_modules\express\lib\router\index.js:47:12)
___________
[Fri Mar 03 2017 09:21:07 GMT+0800 (中国标准时间)] /compen/litigation/getAmount
ReferenceError: vmysql is not defined
    at F:\compen\src\litigation\litigation.js:11:5
    at Layer.handle [as handle_request] (F:\compen\node_modules\express\lib\router\layer.js:95:5)
    at next (F:\compen\node_modules\express\lib\router\route.js:137:13)
    at Route.dispatch (F:\compen\node_modules\express\lib\router\route.js:112:3)
    at Layer.handle [as handle_request] (F:\compen\node_modules\express\lib\router\layer.js:95:5)
    at F:\compen\node_modules\express\lib\router\index.js:281:22
    at Function.process_params (F:\compen\node_modules\express\lib\router\index.js:335:12)
    at next (F:\compen\node_modules\express\lib\router\index.js:275:10)
    at Function.handle (F:\compen\node_modules\express\lib\router\index.js:174:3)
    at router (F:\compen\node_modules\express\lib\router\index.js:47:12)
___________
[Fri Mar 03 2017 09:21:32 GMT+0800 (中国标准时间)] /compen/litigation/getAmount
ReferenceError: vmysql is not defined
    at F:\compen\src\litigation\litigation.js:11:5
    at Layer.handle [as handle_request] (F:\compen\node_modules\express\lib\router\layer.js:95:5)
    at next (F:\compen\node_modules\express\lib\router\route.js:137:13)
    at Route.dispatch (F:\compen\node_modules\express\lib\router\route.js:112:3)
    at Layer.handle [as handle_request] (F:\compen\node_modules\express\lib\router\layer.js:95:5)
    at F:\compen\node_modules\express\lib\router\index.js:281:22
    at Function.process_params (F:\compen\node_modules\express\lib\router\index.js:335:12)
    at next (F:\compen\node_modules\express\lib\router\index.js:275:10)
    at Function.handle (F:\compen\node_modules\express\lib\router\index.js:174:3)
    at router (F:\compen\node_modules\express\lib\router\index.js:47:12)
___________
[Fri Mar 03 2017 09:21:39 GMT+0800 (中国标准时间)] /compen/litigation/getAmount
ReferenceError: vmysql is not defined
    at F:\compen\src\litigation\litigation.js:11:5
    at Layer.handle [as handle_request] (F:\compen\node_modules\express\lib\router\layer.js:95:5)
    at next (F:\compen\node_modules\express\lib\router\route.js:137:13)
    at Route.dispatch (F:\compen\node_modules\express\lib\router\route.js:112:3)
    at Layer.handle [as handle_request] (F:\compen\node_modules\express\lib\router\layer.js:95:5)
    at F:\compen\node_modules\express\lib\router\index.js:281:22
    at Function.process_params (F:\compen\node_modules\express\lib\router\index.js:335:12)
    at next (F:\compen\node_modules\express\lib\router\index.js:275:10)
    at Function.handle (F:\compen\node_modules\express\lib\router\index.js:174:3)
    at router (F:\compen\node_modules\express\lib\router\index.js:47:12)
______